app/build/intermediates/manifest_merge_blame_file/debug/manifest-merger-blame-debug-report.txt
1<?xml version="1.0" encoding="utf-8"?>
2<manifest xmlns:android="http://schemas.android.com/apk/res/android"
3    package="com.example.expensetracker"
4    android:versionCode="1"
5    android:versionName="1.0" >
6
7    <uses-sdk
8        android:minSdkVersion="14"
8-->src\main\AndroidManifest.xml
9        android:targetSdkVersion="29" />
9-->src\main\AndroidManifest.xml
10
11    <application
11-->src\main\AndroidManifest.xml:5:5-35:19
12        android:allowBackup="true"
12-->src\main\AndroidManifest.xml:6:9-35
13        android:appComponentFactory="androidx.core.app.CoreComponentFactory"
13-->[androidx.core:core:1.1.0] AndroidManifest.xml:24:18-86
14        android:debuggable="true"
15        android:icon="@mipmap/ic_launcher"
15-->src\main\AndroidManifest.xml:7:9-43
16        android:label="@string/app_name"
16-->src\main\AndroidManifest.xml:8:9-41
17        android:roundIcon="@mipmap/ic_launcher_round"
17-->src\main\AndroidManifest.xml:9:9-54
18        android:supportsRtl="true"
18-->src\main\AndroidManifest.xml:10:9-35
19        android:testOnly="true"
20        android:theme="@style/AppTheme" >
20-->src\main\AndroidManifest.xml:11:9-40
21        <receiver
21-->src\main\AndroidManifest.xml:12:9-15:49
22            android:name="com.example.expensetracker.AlarmReceiver"
22-->src\main\AndroidManifest.xml:13:13-42
23            android:enabled="true"
23-->src\main\AndroidManifest.xml:14:13-35
24            android:exported="false" />
24-->src\main\AndroidManifest.xml:15:13-37
25
26        <activity
26-->src\main\AndroidManifest.xml:17:9-20:58
27            android:name="com.example.expensetracker.AboutActivity"
27-->src\main\AndroidManifest.xml:18:13-42
28            android:label="@string/about"
28-->src\main\AndroidManifest.xml:19:13-42
29            android:parentActivityName="com.example.expensetracker.MainActivity" />
29-->src\main\AndroidManifest.xml:20:13-55
30        <activity
30-->src\main\AndroidManifest.xml:21:9-24:58
31            android:name="com.example.expensetracker.SettingsActivity"
31-->src\main\AndroidManifest.xml:22:13-45
32            android:label="@string/settings"
32-->src\main\AndroidManifest.xml:23:13-45
33            android:parentActivityName="com.example.expensetracker.MainActivity" />
33-->src\main\AndroidManifest.xml:24:13-55
34        <activity
34-->src\main\AndroidManifest.xml:25:9-27:58
35            android:name="com.example.expensetracker.NewBudgetEntryActivity"
35-->src\main\AndroidManifest.xml:26:13-51
36            android:parentActivityName="com.example.expensetracker.MainActivity" />
36-->src\main\AndroidManifest.xml:27:13-55
37        <activity android:name="com.example.expensetracker.MainActivity" >
37-->src\main\AndroidManifest.xml:28:9-34:20
37-->src\main\AndroidManifest.xml:28:19-47
38            <intent-filter>
38-->src\main\AndroidManifest.xml:29:13-33:29
39                <action android:name="android.intent.action.MAIN" />
39-->src\main\AndroidManifest.xml:30:17-69
39-->src\main\AndroidManifest.xml:30:25-66
40
41                <category android:name="android.intent.category.LAUNCHER" />
41-->src\main\AndroidManifest.xml:32:17-77
41-->src\main\AndroidManifest.xml:32:27-74
42            </intent-filter>
43        </activity>
44
45        <provider
45-->[androidx.lifecycle:lifecycle-process:2.0.0] AndroidManifest.xml:23:9-27:43
46            android:name="androidx.lifecycle.ProcessLifecycleOwnerInitializer"
46-->[androidx.lifecycle:lifecycle-process:2.0.0] AndroidManifest.xml:24:13-79
47            android:authorities="com.example.expensetracker.lifecycle-process"
47-->[androidx.lifecycle:lifecycle-process:2.0.0] AndroidManifest.xml:25:13-69
48            android:exported="false"
48-->[androidx.lifecycle:lifecycle-process:2.0.0] AndroidManifest.xml:26:13-37
49            android:multiprocess="true" />
49-->[androidx.lifecycle:lifecycle-process:2.0.0] AndroidManifest.xml:27:13-40
50    </application>
51
52</manifest>